<?xml version="1.0" encoding="UTF-8"?>
<!-- Generated by org.testng.reporters.JUnitReportReporter -->
<testsuite hostname="DESKTOP-SAGJ2JU" failures="0" tests="3" name="com.amz.qa.testcases.LoginTest" time="13.635" errors="0" timestamp="31 Aug 2021 15:21:29 GMT" skipped="0">
  <testcase classname="com.amz.qa.testcases.LoginTest" name="loginPageTitle" time="4.415"/>
  <testcase classname="com.amz.qa.testcases.LoginTest" name="verifyLogo" time="3.742"/>
  <testcase classname="com.amz.qa.testcases.LoginTest" name="LoginMethod" time="5.478"/>
</testsuite> <!-- com.amz.qa.testcases.LoginTest -->
