<?xml version="1.0" encoding="UTF-8"?>
<!-- Generated by org.testng.reporters.JUnitReportReporter -->
<testsuite hostname="DESKTOP-SAGJ2JU" failures="0" tests="1" name="TestNGParameterization.ParameterTest" time="4.683" errors="0" timestamp="01 Sep 2021 07:40:02 GMT" skipped="0">
  <testcase classname="TestNGParameterization.ParameterTest" name="yahooLogin" time="4.683"/>
</testsuite> <!-- TestNGParameterization.ParameterTest -->
