<?xml version="1.0" encoding="UTF-8"?>
<!-- Generated by org.testng.reporters.JUnitReportReporter -->
<testsuite hostname="DESKTOP-SAGJ2JU" failures="0" tests="1" name="com.amz.qa.testcases.HomepageTest" time="17.085" errors="0" timestamp="24 Jul 2021 13:47:46 GMT" skipped="0">
  <testcase classname="com.amz.qa.testcases.HomepageTest" name="VerifyAccount" time="17.085"/>
</testsuite> <!-- com.amz.qa.testcases.HomepageTest -->
