<?xml version="1.0" encoding="UTF-8"?>
<!-- Generated by org.testng.reporters.JUnitReportReporter -->
<testsuite hostname="DESKTOP-SAGJ2JU" failures="0" tests="2" name="com.amz.qa.testcases.HomepageTest" time="28.935" errors="0" timestamp="30 Aug 2021 13:46:48 GMT" skipped="0">
  <testcase classname="com.amz.qa.testcases.HomepageTest" name="loginPageTitle" time="10.647"/>
  <testcase classname="com.amz.qa.testcases.HomepageTest" name="VerifyAccount" time="18.288"/>
</testsuite> <!-- com.amz.qa.testcases.HomepageTest -->
