<?xml version="1.0" encoding="UTF-8"?>
<!-- Generated by org.testng.reporters.JUnitReportReporter -->
<testsuite hostname="DESKTOP-SAGJ2JU" failures="0" tests="3" name="com.amz.qa.testcases.AccountPageTest" time="44.930" errors="0" timestamp="30 Aug 2021 13:46:48 GMT" skipped="0">
  <testcase classname="com.amz.qa.testcases.AccountPageTest" name="loginPageTitle" time="8.690"/>
  <testcase classname="com.amz.qa.testcases.AccountPageTest" name="VerifyAddress" time="17.250"/>
  <testcase classname="com.amz.qa.testcases.AccountPageTest" name="confirmAddressPage" time="18.990"/>
</testsuite> <!-- com.amz.qa.testcases.AccountPageTest -->
