<?xml version="1.0" encoding="UTF-8"?>
<!-- Generated by org.testng.reporters.JUnitReportReporter -->
<testsuite hostname="DESKTOP-SAGJ2JU" failures="0" tests="1" name="com.amz.qa.testcases.GroupTest" time="0.014" errors="0" timestamp="01 Sep 2021 09:53:21 GMT" skipped="0">
  <testcase classname="com.amz.qa.testcases.GroupTest" name="test3" time="0.014"/>
</testsuite> <!-- com.amz.qa.testcases.GroupTest -->
