<?xml version="1.0" encoding="UTF-8"?>
<!-- Generated by org.testng.reporters.JUnitReportReporter -->
<testsuite hostname="DESKTOP-SAGJ2JU" failures="0" tests="6" name="com.amz.qa.testcases.AmzPayRechargeTest" time="109.578" errors="0" timestamp="29 Aug 2021 13:20:21 GMT" skipped="0">
  <testcase classname="com.amz.qa.testcases.AmzPayRechargeTest" name="verifyAmzPaylink" time="9.723"/>
  <testcase classname="com.amz.qa.testcases.AmzPayRechargeTest" name="mobilerecharge" time="20.043"/>
  <testcase classname="com.amz.qa.testcases.AmzPayRechargeTest" name="mobilerecharge" time="19.842"/>
  <testcase classname="com.amz.qa.testcases.AmzPayRechargeTest" name="mobilerecharge" time="19.325"/>
  <testcase classname="com.amz.qa.testcases.AmzPayRechargeTest" name="mobilerecharge" time="20.699"/>
  <testcase classname="com.amz.qa.testcases.AmzPayRechargeTest" name="mobilerecharge" time="19.946"/>
</testsuite> <!-- com.amz.qa.testcases.AmzPayRechargeTest -->
