<?xml version="1.0" encoding="UTF-8"?>
<!-- Generated by org.testng.reporters.JUnitReportReporter -->
<testsuite hostname="DESKTOP-SAGJ2JU" failures="0" tests="1" name="com.amz.qa.testcases.ParameterTest" time="5.264" errors="0" timestamp="01 Sep 2021 08:00:09 GMT" skipped="0">
  <testcase classname="com.amz.qa.testcases.ParameterTest" name="yahooLogin" time="5.264"/>
</testsuite> <!-- com.amz.qa.testcases.ParameterTest -->
