<?xml version="1.0" encoding="UTF-8"?>
<!-- Generated by org.testng.reporters.JUnitReportReporter -->
<testsuite hostname="DESKTOP-SAGJ2JU" failures="0" tests="3" name="com.amz.qa.testcases.LoginTest" time="13.448" errors="0" timestamp="24 Jul 2021 13:48:16 GMT" skipped="0">
  <testcase classname="com.amz.qa.testcases.LoginTest" name="loginPageTitle" time="3.157"/>
  <testcase classname="com.amz.qa.testcases.LoginTest" name="verifyLogo" time="4.568"/>
  <testcase classname="com.amz.qa.testcases.LoginTest" name="LoginMethod" time="5.723"/>
</testsuite> <!-- com.amz.qa.testcases.LoginTest -->
