<?xml version="1.0" encoding="UTF-8"?>
<!-- Generated by org.testng.reporters.JUnitReportReporter -->
<testsuite hostname="DESKTOP-SAGJ2JU" failures="0" tests="3" name="com.amz.qa.testcases.AccountPageTest" time="43.388" errors="0" timestamp="24 Jul 2021 14:27:56 GMT" skipped="0">
  <testcase classname="com.amz.qa.testcases.AccountPageTest" name="loginPageTitle" time="7.727"/>
  <testcase classname="com.amz.qa.testcases.AccountPageTest" name="VerifyAddress" time="17.468"/>
  <testcase classname="com.amz.qa.testcases.AccountPageTest" name="confirmAddressPage" time="18.193"/>
</testsuite> <!-- com.amz.qa.testcases.AccountPageTest -->
