<?xml version="1.0" encoding="UTF-8"?>
<!-- Generated by org.testng.reporters.JUnitReportReporter -->
<testsuite hostname="DESKTOP-SAGJ2JU" failures="0" tests="8" name="com.amz.qa.testcases.ParallelTest" time="0.068" errors="0" timestamp="01 Sep 2021 10:36:36 GMT" skipped="0">
  <testcase classname="com.amz.qa.testcases.ParallelTest" name="test2" time="0.023"/>
  <testcase classname="com.amz.qa.testcases.ParallelTest" name="test4" time="0.002"/>
  <testcase classname="com.amz.qa.testcases.ParallelTest" name="test4" time="0.004"/>
  <testcase classname="com.amz.qa.testcases.ParallelTest" name="test3" time="0.008"/>
  <testcase classname="com.amz.qa.testcases.ParallelTest" name="test4" time="0.003"/>
  <testcase classname="com.amz.qa.testcases.ParallelTest" name="test4" time="0.003"/>
  <testcase classname="com.amz.qa.testcases.ParallelTest" name="test1" time="0.023"/>
  <testcase classname="com.amz.qa.testcases.ParallelTest" name="test4" time="0.002"/>
</testsuite> <!-- com.amz.qa.testcases.ParallelTest -->
